INFO [2024-12-11 18:41:52] $x
INFO [2024-12-11 18:41:52] list(ACR = acr_pos, GLP1 = glp1_pos, SGLT2 = sglt2_pos, Type2 = type2_pos)
INFO [2024-12-11 18:41:52] 
INFO [2024-12-11 18:41:52] $category.names
INFO [2024-12-11 18:41:52] c("ACR", "GLP1", "SGLT2", "Type2")
INFO [2024-12-11 18:41:52] 
INFO [2024-12-11 18:41:52] $filename
INFO [2024-12-11 18:41:52] NULL
INFO [2024-12-11 18:41:52] 
INFO [2024-12-11 18:41:52] $output
INFO [2024-12-11 18:41:52] [1] TRUE
INFO [2024-12-11 18:41:52] 
INFO [2024-12-11 18:41:52] $lwd
INFO [2024-12-11 18:41:52] [1] 2
INFO [2024-12-11 18:41:52] 
INFO [2024-12-11 18:41:52] $lty
INFO [2024-12-11 18:41:52] [1] "blank"
INFO [2024-12-11 18:41:52] 
INFO [2024-12-11 18:41:52] $fill
INFO [2024-12-11 18:41:52] c("#440154", "#21908C", "#FDE725", "#F0F921")
INFO [2024-12-11 18:41:52] 
INFO [2024-12-11 18:41:52] $cex
INFO [2024-12-11 18:41:52] [1] 0.6
INFO [2024-12-11 18:41:52] 
INFO [2024-12-11 18:41:52] $fontface
INFO [2024-12-11 18:41:52] [1] "bold"
INFO [2024-12-11 18:41:52] 
INFO [2024-12-11 18:41:52] $fontfamily
INFO [2024-12-11 18:41:52] [1] "sans"
INFO [2024-12-11 18:41:52] 
INFO [2024-12-11 18:41:52] $main
INFO [2024-12-11 18:41:52] [1] "Overlap of Positive Genes Across Datasets"
INFO [2024-12-11 18:41:52] 
INFO [2024-12-11 18:41:52] $main.cex
INFO [2024-12-11 18:41:52] [1] 1.5
INFO [2024-12-11 18:41:52] 
INFO [2024-12-11 18:41:52] $main.fontfamily
INFO [2024-12-11 18:41:52] [1] "sans"
INFO [2024-12-11 18:41:52] 
