INFO [2024-12-31 14:00:50] $x
INFO [2024-12-31 14:00:50] list(Group1 = up1, Group2 = up2, Group3 = up3)
INFO [2024-12-31 14:00:50] 
INFO [2024-12-31 14:00:50] $category.names
INFO [2024-12-31 14:00:50] c("Group 1", "Group 2", "Group 3")
INFO [2024-12-31 14:00:50] 
INFO [2024-12-31 14:00:50] $filename
INFO [2024-12-31 14:00:50] NULL
INFO [2024-12-31 14:00:50] 
INFO [2024-12-31 14:00:50] $output
INFO [2024-12-31 14:00:50] [1] TRUE
INFO [2024-12-31 14:00:50] 
INFO [2024-12-31 14:00:50] $main
INFO [2024-12-31 14:00:50] [1] "Upregulated Genes"
INFO [2024-12-31 14:00:50] 
INFO [2024-12-31 14:00:50] $col
INFO [2024-12-31 14:00:50] [1] "black"
INFO [2024-12-31 14:00:50] 
INFO [2024-12-31 14:00:50] $fill
INFO [2024-12-31 14:00:50] c("lightblue", "lightgreen", "lightcoral")
INFO [2024-12-31 14:00:50] 
INFO [2024-12-31 14:00:50] $alpha
INFO [2024-12-31 14:00:50] [1] 0.5
INFO [2024-12-31 14:00:50] 
INFO [2024-12-31 14:00:50] $cex
INFO [2024-12-31 14:00:50] [1] 1.5
INFO [2024-12-31 14:00:50] 
INFO [2024-12-31 14:00:50] $cat.cex
INFO [2024-12-31 14:00:50] [1] 1.5
INFO [2024-12-31 14:00:50] 
INFO [2024-12-31 14:00:50] $cat.pos
INFO [2024-12-31 14:00:50] c(0, 0, 0)
INFO [2024-12-31 14:00:50] 
INFO [2024-12-31 14:00:50] $cat.dist
INFO [2024-12-31 14:00:50] [1] 0.05
INFO [2024-12-31 14:00:50] 
INFO [2024-12-31 14:00:50] $margin
INFO [2024-12-31 14:00:50] [1] 0.1
INFO [2024-12-31 14:00:50] 
