INFO [2024-12-31 13:58:17] $x
INFO [2024-12-31 13:58:17] list(Group1 = up1, Group2 = up2, Group3 = up3)
INFO [2024-12-31 13:58:17] 
INFO [2024-12-31 13:58:17] $category.names
INFO [2024-12-31 13:58:17] c("Group 1", "Group 2", "Group 3")
INFO [2024-12-31 13:58:17] 
INFO [2024-12-31 13:58:17] $filename
INFO [2024-12-31 13:58:17] NULL
INFO [2024-12-31 13:58:17] 
INFO [2024-12-31 13:58:17] $output
INFO [2024-12-31 13:58:17] [1] TRUE
INFO [2024-12-31 13:58:17] 
INFO [2024-12-31 13:58:17] $main
INFO [2024-12-31 13:58:17] [1] "Upregulated Genes"
INFO [2024-12-31 13:58:17] 
INFO [2024-12-31 13:58:17] $col
INFO [2024-12-31 13:58:17] [1] "black"
INFO [2024-12-31 13:58:17] 
INFO [2024-12-31 13:58:17] $fill
INFO [2024-12-31 13:58:17] c("lightblue", "lightgreen", "lightcoral")
INFO [2024-12-31 13:58:17] 
INFO [2024-12-31 13:58:17] $alpha
INFO [2024-12-31 13:58:17] [1] 0.5
INFO [2024-12-31 13:58:17] 
INFO [2024-12-31 13:58:17] $cex
INFO [2024-12-31 13:58:17] [1] 1.5
INFO [2024-12-31 13:58:17] 
INFO [2024-12-31 13:58:17] $cat.cex
INFO [2024-12-31 13:58:17] [1] 1.5
INFO [2024-12-31 13:58:17] 
INFO [2024-12-31 13:58:17] $cat.pos
INFO [2024-12-31 13:58:17] c(0, 0, 180)
INFO [2024-12-31 13:58:17] 
INFO [2024-12-31 13:58:17] $cat.dist
INFO [2024-12-31 13:58:17] [1] 0.05
INFO [2024-12-31 13:58:17] 
INFO [2024-12-31 13:58:17] $margin
INFO [2024-12-31 13:58:17] [1] 0.1
INFO [2024-12-31 13:58:17] 
