INFO [2024-12-31 14:01:22] $x
INFO [2024-12-31 14:01:22] list(Group1 = up1, Group2 = up2, Group3 = up3)
INFO [2024-12-31 14:01:22] 
INFO [2024-12-31 14:01:22] $category.names
INFO [2024-12-31 14:01:22] c("Group 1", "Group 2", "Group 3")
INFO [2024-12-31 14:01:22] 
INFO [2024-12-31 14:01:22] $filename
INFO [2024-12-31 14:01:22] NULL
INFO [2024-12-31 14:01:22] 
INFO [2024-12-31 14:01:22] $output
INFO [2024-12-31 14:01:22] [1] TRUE
INFO [2024-12-31 14:01:22] 
INFO [2024-12-31 14:01:22] $main
INFO [2024-12-31 14:01:22] [1] "Upregulated Genes"
INFO [2024-12-31 14:01:22] 
INFO [2024-12-31 14:01:22] $col
INFO [2024-12-31 14:01:22] [1] "black"
INFO [2024-12-31 14:01:22] 
INFO [2024-12-31 14:01:22] $fill
INFO [2024-12-31 14:01:22] c("lightblue", "lightgreen", "lightcoral")
INFO [2024-12-31 14:01:22] 
INFO [2024-12-31 14:01:22] $alpha
INFO [2024-12-31 14:01:22] [1] 0.5
INFO [2024-12-31 14:01:22] 
INFO [2024-12-31 14:01:22] $cex
INFO [2024-12-31 14:01:22] [1] 1.5
INFO [2024-12-31 14:01:22] 
INFO [2024-12-31 14:01:22] $cat.cex
INFO [2024-12-31 14:01:22] [1] 1.5
INFO [2024-12-31 14:01:22] 
INFO [2024-12-31 14:01:22] $cat.pos
INFO [2024-12-31 14:01:22] c(0, 0, 0)
INFO [2024-12-31 14:01:22] 
INFO [2024-12-31 14:01:22] $cat.dist
INFO [2024-12-31 14:01:22] [1] 0.05
INFO [2024-12-31 14:01:22] 
INFO [2024-12-31 14:01:22] $margin
INFO [2024-12-31 14:01:22] [1] 0.1
INFO [2024-12-31 14:01:22] 
