INFO [2024-12-31 14:01:16] $x
INFO [2024-12-31 14:01:16] list(Group1 = down1, Group2 = down2, Group3 = down3)
INFO [2024-12-31 14:01:16] 
INFO [2024-12-31 14:01:16] $category.names
INFO [2024-12-31 14:01:16] c("Group 1", "Group 2", "Group 3")
INFO [2024-12-31 14:01:16] 
INFO [2024-12-31 14:01:16] $filename
INFO [2024-12-31 14:01:16] NULL
INFO [2024-12-31 14:01:16] 
INFO [2024-12-31 14:01:16] $output
INFO [2024-12-31 14:01:16] [1] TRUE
INFO [2024-12-31 14:01:16] 
INFO [2024-12-31 14:01:16] $main
INFO [2024-12-31 14:01:16] [1] "Downregulated Genes"
INFO [2024-12-31 14:01:16] 
INFO [2024-12-31 14:01:16] $col
INFO [2024-12-31 14:01:16] [1] "black"
INFO [2024-12-31 14:01:16] 
INFO [2024-12-31 14:01:16] $fill
INFO [2024-12-31 14:01:16] c("lightblue", "lightgreen", "lightcoral")
INFO [2024-12-31 14:01:16] 
INFO [2024-12-31 14:01:16] $alpha
INFO [2024-12-31 14:01:16] [1] 0.5
INFO [2024-12-31 14:01:16] 
INFO [2024-12-31 14:01:16] $cex
INFO [2024-12-31 14:01:16] [1] 1.5
INFO [2024-12-31 14:01:16] 
INFO [2024-12-31 14:01:16] $cat.cex
INFO [2024-12-31 14:01:16] [1] 1.5
INFO [2024-12-31 14:01:16] 
INFO [2024-12-31 14:01:16] $cat.pos
INFO [2024-12-31 14:01:16] c(0, 0, 0)
INFO [2024-12-31 14:01:16] 
INFO [2024-12-31 14:01:16] $cat.dist
INFO [2024-12-31 14:01:16] [1] 0.05
INFO [2024-12-31 14:01:16] 
INFO [2024-12-31 14:01:16] $margin
INFO [2024-12-31 14:01:16] [1] 0.1
INFO [2024-12-31 14:01:16] 
