INFO [2024-12-31 13:42:13] $x
INFO [2024-12-31 13:42:13] list(Group1 = up1, Group2 = up2, Group3 = up3)
INFO [2024-12-31 13:42:13] 
INFO [2024-12-31 13:42:13] $category.names
INFO [2024-12-31 13:42:13] c("Group 1", "Group 2", "Group 3")
INFO [2024-12-31 13:42:13] 
INFO [2024-12-31 13:42:13] $filename
INFO [2024-12-31 13:42:13] NULL
INFO [2024-12-31 13:42:13] 
INFO [2024-12-31 13:42:13] $output
INFO [2024-12-31 13:42:13] [1] TRUE
INFO [2024-12-31 13:42:13] 
INFO [2024-12-31 13:42:13] $main
INFO [2024-12-31 13:42:13] [1] "Venn Diagram of Upregulated Genes"
INFO [2024-12-31 13:42:13] 
INFO [2024-12-31 13:42:13] $col
INFO [2024-12-31 13:42:13] [1] "black"
INFO [2024-12-31 13:42:13] 
INFO [2024-12-31 13:42:13] $fill
INFO [2024-12-31 13:42:13] c("lightblue", "lightgreen", "lightcoral")
INFO [2024-12-31 13:42:13] 
INFO [2024-12-31 13:42:13] $alpha
INFO [2024-12-31 13:42:13] [1] 0.5
INFO [2024-12-31 13:42:13] 
INFO [2024-12-31 13:42:13] $cex
INFO [2024-12-31 13:42:13] [1] 1.5
INFO [2024-12-31 13:42:13] 
INFO [2024-12-31 13:42:13] $cat.cex
INFO [2024-12-31 13:42:13] [1] 1.5
INFO [2024-12-31 13:42:13] 
INFO [2024-12-31 13:42:13] $cat.pos
INFO [2024-12-31 13:42:13] c(0, 0, 180)
INFO [2024-12-31 13:42:13] 
INFO [2024-12-31 13:42:13] $cat.dist
INFO [2024-12-31 13:42:13] [1] 0.05
INFO [2024-12-31 13:42:13] 
INFO [2024-12-31 13:42:13] $margin
INFO [2024-12-31 13:42:13] [1] 0.1
INFO [2024-12-31 13:42:13] 
