INFO [2024-12-31 13:58:06] $x
INFO [2024-12-31 13:58:06] list(Group1 = down1, Group2 = down2, Group3 = down3)
INFO [2024-12-31 13:58:06] 
INFO [2024-12-31 13:58:06] $category.names
INFO [2024-12-31 13:58:06] c("Group 1", "Group 2", "Group 3")
INFO [2024-12-31 13:58:06] 
INFO [2024-12-31 13:58:06] $filename
INFO [2024-12-31 13:58:06] NULL
INFO [2024-12-31 13:58:06] 
INFO [2024-12-31 13:58:06] $output
INFO [2024-12-31 13:58:06] [1] TRUE
INFO [2024-12-31 13:58:06] 
INFO [2024-12-31 13:58:06] $main
INFO [2024-12-31 13:58:06] [1] "Downregulated Genes"
INFO [2024-12-31 13:58:06] 
INFO [2024-12-31 13:58:06] $col
INFO [2024-12-31 13:58:06] [1] "black"
INFO [2024-12-31 13:58:06] 
INFO [2024-12-31 13:58:06] $fill
INFO [2024-12-31 13:58:06] c("lightblue", "lightgreen", "lightcoral")
INFO [2024-12-31 13:58:06] 
INFO [2024-12-31 13:58:06] $alpha
INFO [2024-12-31 13:58:06] [1] 0.5
INFO [2024-12-31 13:58:06] 
INFO [2024-12-31 13:58:06] $cex
INFO [2024-12-31 13:58:06] [1] 1.5
INFO [2024-12-31 13:58:06] 
INFO [2024-12-31 13:58:06] $cat.cex
INFO [2024-12-31 13:58:06] [1] 1.5
INFO [2024-12-31 13:58:06] 
INFO [2024-12-31 13:58:06] $cat.pos
INFO [2024-12-31 13:58:06] c(0, 0, 180)
INFO [2024-12-31 13:58:06] 
INFO [2024-12-31 13:58:06] $cat.dist
INFO [2024-12-31 13:58:06] [1] 0.05
INFO [2024-12-31 13:58:06] 
INFO [2024-12-31 13:58:06] $margin
INFO [2024-12-31 13:58:06] [1] 0.1
INFO [2024-12-31 13:58:06] 
