INFO [2024-12-31 13:58:27] $x
INFO [2024-12-31 13:58:27] list(Group1 = up1, Group2 = up2, Group3 = up3)
INFO [2024-12-31 13:58:27] 
INFO [2024-12-31 13:58:27] $category.names
INFO [2024-12-31 13:58:27] c("Group 1", "Group 2", "Group 3")
INFO [2024-12-31 13:58:27] 
INFO [2024-12-31 13:58:27] $filename
INFO [2024-12-31 13:58:27] NULL
INFO [2024-12-31 13:58:27] 
INFO [2024-12-31 13:58:27] $output
INFO [2024-12-31 13:58:27] [1] TRUE
INFO [2024-12-31 13:58:27] 
INFO [2024-12-31 13:58:27] $main
INFO [2024-12-31 13:58:27] [1] "Upregulated Genes"
INFO [2024-12-31 13:58:27] 
INFO [2024-12-31 13:58:27] $col
INFO [2024-12-31 13:58:27] [1] "black"
INFO [2024-12-31 13:58:27] 
INFO [2024-12-31 13:58:27] $fill
INFO [2024-12-31 13:58:27] c("lightblue", "lightgreen", "lightcoral")
INFO [2024-12-31 13:58:27] 
INFO [2024-12-31 13:58:27] $alpha
INFO [2024-12-31 13:58:27] [1] 0.5
INFO [2024-12-31 13:58:27] 
INFO [2024-12-31 13:58:27] $cex
INFO [2024-12-31 13:58:27] [1] 1.5
INFO [2024-12-31 13:58:27] 
INFO [2024-12-31 13:58:27] $cat.cex
INFO [2024-12-31 13:58:27] [1] 1.5
INFO [2024-12-31 13:58:27] 
INFO [2024-12-31 13:58:27] $cat.pos
INFO [2024-12-31 13:58:27] c(0, 0, 180)
INFO [2024-12-31 13:58:27] 
INFO [2024-12-31 13:58:27] $cat.dist
INFO [2024-12-31 13:58:27] [1] 0.05
INFO [2024-12-31 13:58:27] 
INFO [2024-12-31 13:58:27] $margin
INFO [2024-12-31 13:58:27] [1] 0.1
INFO [2024-12-31 13:58:27] 
