INFO [2024-12-31 14:01:18] $x
INFO [2024-12-31 14:01:18] list(Group1 = down1, Group2 = down2, Group3 = down3)
INFO [2024-12-31 14:01:18] 
INFO [2024-12-31 14:01:18] $category.names
INFO [2024-12-31 14:01:18] c("Group 1", "Group 2", "Group 3")
INFO [2024-12-31 14:01:18] 
INFO [2024-12-31 14:01:18] $filename
INFO [2024-12-31 14:01:18] NULL
INFO [2024-12-31 14:01:18] 
INFO [2024-12-31 14:01:18] $output
INFO [2024-12-31 14:01:18] [1] TRUE
INFO [2024-12-31 14:01:18] 
INFO [2024-12-31 14:01:18] $main
INFO [2024-12-31 14:01:18] [1] "Downregulated Genes"
INFO [2024-12-31 14:01:18] 
INFO [2024-12-31 14:01:18] $col
INFO [2024-12-31 14:01:18] [1] "black"
INFO [2024-12-31 14:01:18] 
INFO [2024-12-31 14:01:18] $fill
INFO [2024-12-31 14:01:18] c("lightblue", "lightgreen", "lightcoral")
INFO [2024-12-31 14:01:18] 
INFO [2024-12-31 14:01:18] $alpha
INFO [2024-12-31 14:01:18] [1] 0.5
INFO [2024-12-31 14:01:18] 
INFO [2024-12-31 14:01:18] $cex
INFO [2024-12-31 14:01:18] [1] 1.5
INFO [2024-12-31 14:01:18] 
INFO [2024-12-31 14:01:18] $cat.cex
INFO [2024-12-31 14:01:18] [1] 1.5
INFO [2024-12-31 14:01:18] 
INFO [2024-12-31 14:01:18] $cat.pos
INFO [2024-12-31 14:01:18] c(0, 0, 0)
INFO [2024-12-31 14:01:18] 
INFO [2024-12-31 14:01:18] $cat.dist
INFO [2024-12-31 14:01:18] [1] 0.05
INFO [2024-12-31 14:01:18] 
INFO [2024-12-31 14:01:18] $margin
INFO [2024-12-31 14:01:18] [1] 0.1
INFO [2024-12-31 14:01:18] 
