INFO [2024-12-11 18:42:15] $x
INFO [2024-12-11 18:42:15] list(ACR = acr_neg, GLP1 = glp1_neg, SGLT2 = sglt2_neg, Type2 = type2_neg)
INFO [2024-12-11 18:42:15] 
INFO [2024-12-11 18:42:15] $category.names
INFO [2024-12-11 18:42:15] c("ACR", "GLP1", "SGLT2", "Type2")
INFO [2024-12-11 18:42:15] 
INFO [2024-12-11 18:42:15] $filename
INFO [2024-12-11 18:42:15] NULL
INFO [2024-12-11 18:42:15] 
INFO [2024-12-11 18:42:15] $output
INFO [2024-12-11 18:42:15] [1] TRUE
INFO [2024-12-11 18:42:15] 
INFO [2024-12-11 18:42:15] $lwd
INFO [2024-12-11 18:42:15] [1] 2
INFO [2024-12-11 18:42:15] 
INFO [2024-12-11 18:42:15] $lty
INFO [2024-12-11 18:42:15] [1] "blank"
INFO [2024-12-11 18:42:15] 
INFO [2024-12-11 18:42:15] $fill
INFO [2024-12-11 18:42:15] c("#440154", "#21908C", "#FDE725", "#F0F921")
INFO [2024-12-11 18:42:15] 
INFO [2024-12-11 18:42:15] $cex
INFO [2024-12-11 18:42:15] [1] 0.6
INFO [2024-12-11 18:42:15] 
INFO [2024-12-11 18:42:15] $fontface
INFO [2024-12-11 18:42:15] [1] "bold"
INFO [2024-12-11 18:42:15] 
INFO [2024-12-11 18:42:15] $fontfamily
INFO [2024-12-11 18:42:15] [1] "sans"
INFO [2024-12-11 18:42:15] 
INFO [2024-12-11 18:42:15] $main
INFO [2024-12-11 18:42:15] [1] "Overlap of Negative Genes Across Datasets"
INFO [2024-12-11 18:42:15] 
INFO [2024-12-11 18:42:15] $main.cex
INFO [2024-12-11 18:42:15] [1] 1.5
INFO [2024-12-11 18:42:15] 
INFO [2024-12-11 18:42:15] $main.fontfamily
INFO [2024-12-11 18:42:15] [1] "sans"
INFO [2024-12-11 18:42:15] 
