INFO [2024-12-31 14:00:41] $x
INFO [2024-12-31 14:00:41] list(Group1 = down1, Group2 = down2, Group3 = down3)
INFO [2024-12-31 14:00:41] 
INFO [2024-12-31 14:00:41] $category.names
INFO [2024-12-31 14:00:41] c("Group 1", "Group 2", "Group 3")
INFO [2024-12-31 14:00:41] 
INFO [2024-12-31 14:00:41] $filename
INFO [2024-12-31 14:00:41] NULL
INFO [2024-12-31 14:00:41] 
INFO [2024-12-31 14:00:41] $output
INFO [2024-12-31 14:00:41] [1] TRUE
INFO [2024-12-31 14:00:41] 
INFO [2024-12-31 14:00:41] $main
INFO [2024-12-31 14:00:41] [1] "Downregulated Genes"
INFO [2024-12-31 14:00:41] 
INFO [2024-12-31 14:00:41] $col
INFO [2024-12-31 14:00:41] [1] "black"
INFO [2024-12-31 14:00:41] 
INFO [2024-12-31 14:00:41] $fill
INFO [2024-12-31 14:00:41] c("lightblue", "lightgreen", "lightcoral")
INFO [2024-12-31 14:00:41] 
INFO [2024-12-31 14:00:41] $alpha
INFO [2024-12-31 14:00:41] [1] 0.5
INFO [2024-12-31 14:00:41] 
INFO [2024-12-31 14:00:41] $cex
INFO [2024-12-31 14:00:41] [1] 1.5
INFO [2024-12-31 14:00:41] 
INFO [2024-12-31 14:00:41] $cat.cex
INFO [2024-12-31 14:00:41] [1] 1.5
INFO [2024-12-31 14:00:41] 
INFO [2024-12-31 14:00:41] $cat.pos
INFO [2024-12-31 14:00:41] c(0, 0, 0)
INFO [2024-12-31 14:00:41] 
INFO [2024-12-31 14:00:41] $cat.dist
INFO [2024-12-31 14:00:41] [1] 0.05
INFO [2024-12-31 14:00:41] 
INFO [2024-12-31 14:00:41] $margin
INFO [2024-12-31 14:00:41] [1] 0.1
INFO [2024-12-31 14:00:41] 
