INFO [2024-12-31 14:00:46] $x
INFO [2024-12-31 14:00:46] list(Group1 = down1, Group2 = down2, Group3 = down3)
INFO [2024-12-31 14:00:46] 
INFO [2024-12-31 14:00:46] $category.names
INFO [2024-12-31 14:00:46] c("Group 1", "Group 2", "Group 3")
INFO [2024-12-31 14:00:46] 
INFO [2024-12-31 14:00:46] $filename
INFO [2024-12-31 14:00:46] NULL
INFO [2024-12-31 14:00:46] 
INFO [2024-12-31 14:00:46] $output
INFO [2024-12-31 14:00:46] [1] TRUE
INFO [2024-12-31 14:00:46] 
INFO [2024-12-31 14:00:46] $main
INFO [2024-12-31 14:00:46] [1] "Downregulated Genes"
INFO [2024-12-31 14:00:46] 
INFO [2024-12-31 14:00:46] $col
INFO [2024-12-31 14:00:46] [1] "black"
INFO [2024-12-31 14:00:46] 
INFO [2024-12-31 14:00:46] $fill
INFO [2024-12-31 14:00:46] c("lightblue", "lightgreen", "lightcoral")
INFO [2024-12-31 14:00:46] 
INFO [2024-12-31 14:00:46] $alpha
INFO [2024-12-31 14:00:46] [1] 0.5
INFO [2024-12-31 14:00:46] 
INFO [2024-12-31 14:00:46] $cex
INFO [2024-12-31 14:00:46] [1] 1.5
INFO [2024-12-31 14:00:46] 
INFO [2024-12-31 14:00:46] $cat.cex
INFO [2024-12-31 14:00:46] [1] 1.5
INFO [2024-12-31 14:00:46] 
INFO [2024-12-31 14:00:46] $cat.pos
INFO [2024-12-31 14:00:46] c(0, 0, 0)
INFO [2024-12-31 14:00:46] 
INFO [2024-12-31 14:00:46] $cat.dist
INFO [2024-12-31 14:00:46] [1] 0.05
INFO [2024-12-31 14:00:46] 
INFO [2024-12-31 14:00:46] $margin
INFO [2024-12-31 14:00:46] [1] 0.1
INFO [2024-12-31 14:00:46] 
