INFO [2024-12-31 13:59:21] $x
INFO [2024-12-31 13:59:21] list(Group1 = down1, Group2 = down2, Group3 = down3)
INFO [2024-12-31 13:59:21] 
INFO [2024-12-31 13:59:21] $category.names
INFO [2024-12-31 13:59:21] c("Group 1", "Group 2", "Group 3")
INFO [2024-12-31 13:59:21] 
INFO [2024-12-31 13:59:21] $filename
INFO [2024-12-31 13:59:21] NULL
INFO [2024-12-31 13:59:21] 
INFO [2024-12-31 13:59:21] $output
INFO [2024-12-31 13:59:21] [1] TRUE
INFO [2024-12-31 13:59:21] 
INFO [2024-12-31 13:59:21] $main
INFO [2024-12-31 13:59:21] [1] "Downregulated Genes"
INFO [2024-12-31 13:59:21] 
INFO [2024-12-31 13:59:21] $col
INFO [2024-12-31 13:59:21] [1] "black"
INFO [2024-12-31 13:59:21] 
INFO [2024-12-31 13:59:21] $fill
INFO [2024-12-31 13:59:21] c("lightblue", "lightgreen", "lightcoral")
INFO [2024-12-31 13:59:21] 
INFO [2024-12-31 13:59:21] $alpha
INFO [2024-12-31 13:59:21] [1] 0.5
INFO [2024-12-31 13:59:21] 
INFO [2024-12-31 13:59:21] $cex
INFO [2024-12-31 13:59:21] [1] 1.5
INFO [2024-12-31 13:59:21] 
INFO [2024-12-31 13:59:21] $cat.cex
INFO [2024-12-31 13:59:21] [1] 1.5
INFO [2024-12-31 13:59:21] 
INFO [2024-12-31 13:59:21] $cat.pos
INFO [2024-12-31 13:59:21] c(0, 0, 180)
INFO [2024-12-31 13:59:21] 
INFO [2024-12-31 13:59:21] $cat.dist
INFO [2024-12-31 13:59:21] [1] 0.05
INFO [2024-12-31 13:59:21] 
INFO [2024-12-31 13:59:21] $margin
INFO [2024-12-31 13:59:21] [1] 0.1
INFO [2024-12-31 13:59:21] 
