INFO [2024-12-31 14:01:14] $x
INFO [2024-12-31 14:01:14] list(Group1 = up1, Group2 = up2, Group3 = up3)
INFO [2024-12-31 14:01:14] 
INFO [2024-12-31 14:01:14] $category.names
INFO [2024-12-31 14:01:14] c("Group 1", "Group 2", "Group 3")
INFO [2024-12-31 14:01:14] 
INFO [2024-12-31 14:01:14] $filename
INFO [2024-12-31 14:01:14] NULL
INFO [2024-12-31 14:01:14] 
INFO [2024-12-31 14:01:14] $output
INFO [2024-12-31 14:01:14] [1] TRUE
INFO [2024-12-31 14:01:14] 
INFO [2024-12-31 14:01:14] $main
INFO [2024-12-31 14:01:14] [1] "Upregulated Genes"
INFO [2024-12-31 14:01:14] 
INFO [2024-12-31 14:01:14] $col
INFO [2024-12-31 14:01:14] [1] "black"
INFO [2024-12-31 14:01:14] 
INFO [2024-12-31 14:01:14] $fill
INFO [2024-12-31 14:01:14] c("lightblue", "lightgreen", "lightcoral")
INFO [2024-12-31 14:01:14] 
INFO [2024-12-31 14:01:14] $alpha
INFO [2024-12-31 14:01:14] [1] 0.5
INFO [2024-12-31 14:01:14] 
INFO [2024-12-31 14:01:14] $cex
INFO [2024-12-31 14:01:14] [1] 1.5
INFO [2024-12-31 14:01:14] 
INFO [2024-12-31 14:01:14] $cat.cex
INFO [2024-12-31 14:01:14] [1] 1.5
INFO [2024-12-31 14:01:14] 
INFO [2024-12-31 14:01:14] $cat.pos
INFO [2024-12-31 14:01:14] c(0, 0, 0)
INFO [2024-12-31 14:01:14] 
INFO [2024-12-31 14:01:14] $cat.dist
INFO [2024-12-31 14:01:14] [1] 0.05
INFO [2024-12-31 14:01:14] 
INFO [2024-12-31 14:01:14] $margin
INFO [2024-12-31 14:01:14] [1] 0.1
INFO [2024-12-31 14:01:14] 
