INFO [2024-12-31 13:23:35] $x
INFO [2024-12-31 13:23:35] list(Group1 = down1, Group2 = down2, Group3 = down3)
INFO [2024-12-31 13:23:35] 
INFO [2024-12-31 13:23:35] $category.names
INFO [2024-12-31 13:23:35] c("Group 1", "Group 2", "Group 3")
INFO [2024-12-31 13:23:35] 
INFO [2024-12-31 13:23:35] $filename
INFO [2024-12-31 13:23:35] NULL
INFO [2024-12-31 13:23:35] 
INFO [2024-12-31 13:23:35] $output
INFO [2024-12-31 13:23:35] [1] TRUE
INFO [2024-12-31 13:23:35] 
INFO [2024-12-31 13:23:35] $main
INFO [2024-12-31 13:23:35] [1] "Venn Diagram of Downregulated Genes"
INFO [2024-12-31 13:23:35] 
INFO [2024-12-31 13:23:35] $col
INFO [2024-12-31 13:23:35] [1] "black"
INFO [2024-12-31 13:23:35] 
INFO [2024-12-31 13:23:35] $fill
INFO [2024-12-31 13:23:35] c("lightblue", "lightgreen", "lightcoral")
INFO [2024-12-31 13:23:35] 
INFO [2024-12-31 13:23:35] $alpha
INFO [2024-12-31 13:23:35] [1] 0.5
INFO [2024-12-31 13:23:35] 
INFO [2024-12-31 13:23:35] $cex
INFO [2024-12-31 13:23:35] [1] 1.5
INFO [2024-12-31 13:23:35] 
INFO [2024-12-31 13:23:35] $cat.cex
INFO [2024-12-31 13:23:35] [1] 1.5
INFO [2024-12-31 13:23:35] 
INFO [2024-12-31 13:23:35] $cat.pos
INFO [2024-12-31 13:23:35] c(0, 0, 0)
INFO [2024-12-31 13:23:35] 
INFO [2024-12-31 13:23:35] $cat.dist
INFO [2024-12-31 13:23:35] [1] 0.05
INFO [2024-12-31 13:23:35] 
INFO [2024-12-31 13:23:35] $margin
INFO [2024-12-31 13:23:35] [1] 0.1
INFO [2024-12-31 13:23:35] 
