INFO [2024-12-31 14:01:25] $x
INFO [2024-12-31 14:01:25] list(Group1 = down1, Group2 = down2, Group3 = down3)
INFO [2024-12-31 14:01:25] 
INFO [2024-12-31 14:01:25] $category.names
INFO [2024-12-31 14:01:25] c("Group 1", "Group 2", "Group 3")
INFO [2024-12-31 14:01:25] 
INFO [2024-12-31 14:01:25] $filename
INFO [2024-12-31 14:01:25] NULL
INFO [2024-12-31 14:01:25] 
INFO [2024-12-31 14:01:25] $output
INFO [2024-12-31 14:01:25] [1] TRUE
INFO [2024-12-31 14:01:25] 
INFO [2024-12-31 14:01:25] $main
INFO [2024-12-31 14:01:25] [1] "Downregulated Genes"
INFO [2024-12-31 14:01:25] 
INFO [2024-12-31 14:01:25] $col
INFO [2024-12-31 14:01:25] [1] "black"
INFO [2024-12-31 14:01:25] 
INFO [2024-12-31 14:01:25] $fill
INFO [2024-12-31 14:01:25] c("lightblue", "lightgreen", "lightcoral")
INFO [2024-12-31 14:01:25] 
INFO [2024-12-31 14:01:25] $alpha
INFO [2024-12-31 14:01:25] [1] 0.5
INFO [2024-12-31 14:01:25] 
INFO [2024-12-31 14:01:25] $cex
INFO [2024-12-31 14:01:25] [1] 1.5
INFO [2024-12-31 14:01:25] 
INFO [2024-12-31 14:01:25] $cat.cex
INFO [2024-12-31 14:01:25] [1] 1.5
INFO [2024-12-31 14:01:25] 
INFO [2024-12-31 14:01:25] $cat.pos
INFO [2024-12-31 14:01:25] c(0, 0, 0)
INFO [2024-12-31 14:01:25] 
INFO [2024-12-31 14:01:25] $cat.dist
INFO [2024-12-31 14:01:25] [1] 0.05
INFO [2024-12-31 14:01:25] 
INFO [2024-12-31 14:01:25] $margin
INFO [2024-12-31 14:01:25] [1] 0.1
INFO [2024-12-31 14:01:25] 
