INFO [2024-12-31 14:00:37] $x
INFO [2024-12-31 14:00:37] list(Group1 = down1, Group2 = down2, Group3 = down3)
INFO [2024-12-31 14:00:37] 
INFO [2024-12-31 14:00:37] $category.names
INFO [2024-12-31 14:00:37] c("Group 1", "Group 2", "Group 3")
INFO [2024-12-31 14:00:37] 
INFO [2024-12-31 14:00:37] $filename
INFO [2024-12-31 14:00:37] NULL
INFO [2024-12-31 14:00:37] 
INFO [2024-12-31 14:00:37] $output
INFO [2024-12-31 14:00:37] [1] TRUE
INFO [2024-12-31 14:00:37] 
INFO [2024-12-31 14:00:37] $main
INFO [2024-12-31 14:00:37] [1] "Downregulated Genes"
INFO [2024-12-31 14:00:37] 
INFO [2024-12-31 14:00:37] $col
INFO [2024-12-31 14:00:37] [1] "black"
INFO [2024-12-31 14:00:37] 
INFO [2024-12-31 14:00:37] $fill
INFO [2024-12-31 14:00:37] c("lightblue", "lightgreen", "lightcoral")
INFO [2024-12-31 14:00:37] 
INFO [2024-12-31 14:00:37] $alpha
INFO [2024-12-31 14:00:37] [1] 0.5
INFO [2024-12-31 14:00:37] 
INFO [2024-12-31 14:00:37] $cex
INFO [2024-12-31 14:00:37] [1] 1.5
INFO [2024-12-31 14:00:37] 
INFO [2024-12-31 14:00:37] $cat.cex
INFO [2024-12-31 14:00:37] [1] 1.5
INFO [2024-12-31 14:00:37] 
INFO [2024-12-31 14:00:37] $cat.pos
INFO [2024-12-31 14:00:37] c(0, 0, 0)
INFO [2024-12-31 14:00:37] 
INFO [2024-12-31 14:00:37] $cat.dist
INFO [2024-12-31 14:00:37] [1] 0.05
INFO [2024-12-31 14:00:37] 
INFO [2024-12-31 14:00:37] $margin
INFO [2024-12-31 14:00:37] [1] 0.1
INFO [2024-12-31 14:00:37] 
