INFO [2024-12-31 14:01:28] $x
INFO [2024-12-31 14:01:28] list(Group1 = up1, Group2 = up2, Group3 = up3)
INFO [2024-12-31 14:01:28] 
INFO [2024-12-31 14:01:28] $category.names
INFO [2024-12-31 14:01:28] c("Group 1", "Group 2", "Group 3")
INFO [2024-12-31 14:01:28] 
INFO [2024-12-31 14:01:28] $filename
INFO [2024-12-31 14:01:28] NULL
INFO [2024-12-31 14:01:28] 
INFO [2024-12-31 14:01:28] $output
INFO [2024-12-31 14:01:28] [1] TRUE
INFO [2024-12-31 14:01:28] 
INFO [2024-12-31 14:01:28] $main
INFO [2024-12-31 14:01:28] [1] "Upregulated Genes"
INFO [2024-12-31 14:01:28] 
INFO [2024-12-31 14:01:28] $col
INFO [2024-12-31 14:01:28] [1] "black"
INFO [2024-12-31 14:01:28] 
INFO [2024-12-31 14:01:28] $fill
INFO [2024-12-31 14:01:28] c("lightblue", "lightgreen", "lightcoral")
INFO [2024-12-31 14:01:28] 
INFO [2024-12-31 14:01:28] $alpha
INFO [2024-12-31 14:01:28] [1] 0.5
INFO [2024-12-31 14:01:28] 
INFO [2024-12-31 14:01:28] $cex
INFO [2024-12-31 14:01:28] [1] 1.5
INFO [2024-12-31 14:01:28] 
INFO [2024-12-31 14:01:28] $cat.cex
INFO [2024-12-31 14:01:28] [1] 1.5
INFO [2024-12-31 14:01:28] 
INFO [2024-12-31 14:01:28] $cat.pos
INFO [2024-12-31 14:01:28] c(0, 0, 0)
INFO [2024-12-31 14:01:28] 
INFO [2024-12-31 14:01:28] $cat.dist
INFO [2024-12-31 14:01:28] [1] 0.05
INFO [2024-12-31 14:01:28] 
INFO [2024-12-31 14:01:28] $margin
INFO [2024-12-31 14:01:28] [1] 0.1
INFO [2024-12-31 14:01:28] 
