INFO [2024-12-31 13:58:23] $x
INFO [2024-12-31 13:58:23] list(Group1 = up1, Group2 = up2, Group3 = up3)
INFO [2024-12-31 13:58:23] 
INFO [2024-12-31 13:58:23] $category.names
INFO [2024-12-31 13:58:23] c("Group 1", "Group 2", "Group 3")
INFO [2024-12-31 13:58:23] 
INFO [2024-12-31 13:58:23] $filename
INFO [2024-12-31 13:58:23] NULL
INFO [2024-12-31 13:58:23] 
INFO [2024-12-31 13:58:23] $output
INFO [2024-12-31 13:58:23] [1] TRUE
INFO [2024-12-31 13:58:23] 
INFO [2024-12-31 13:58:23] $main
INFO [2024-12-31 13:58:23] [1] "Upregulated Genes"
INFO [2024-12-31 13:58:23] 
INFO [2024-12-31 13:58:23] $col
INFO [2024-12-31 13:58:23] [1] "black"
INFO [2024-12-31 13:58:23] 
INFO [2024-12-31 13:58:23] $fill
INFO [2024-12-31 13:58:23] c("lightblue", "lightgreen", "lightcoral")
INFO [2024-12-31 13:58:23] 
INFO [2024-12-31 13:58:23] $alpha
INFO [2024-12-31 13:58:23] [1] 0.5
INFO [2024-12-31 13:58:23] 
INFO [2024-12-31 13:58:23] $cex
INFO [2024-12-31 13:58:23] [1] 1.5
INFO [2024-12-31 13:58:23] 
INFO [2024-12-31 13:58:23] $cat.cex
INFO [2024-12-31 13:58:23] [1] 1.5
INFO [2024-12-31 13:58:23] 
INFO [2024-12-31 13:58:23] $cat.pos
INFO [2024-12-31 13:58:23] c(0, 0, 180)
INFO [2024-12-31 13:58:23] 
INFO [2024-12-31 13:58:23] $cat.dist
INFO [2024-12-31 13:58:23] [1] 0.05
INFO [2024-12-31 13:58:23] 
INFO [2024-12-31 13:58:23] $margin
INFO [2024-12-31 13:58:23] [1] 0.1
INFO [2024-12-31 13:58:23] 
