INFO [2024-12-31 14:00:53] $x
INFO [2024-12-31 14:00:53] list(Group1 = up1, Group2 = up2, Group3 = up3)
INFO [2024-12-31 14:00:53] 
INFO [2024-12-31 14:00:53] $category.names
INFO [2024-12-31 14:00:53] c("Group 1", "Group 2", "Group 3")
INFO [2024-12-31 14:00:53] 
INFO [2024-12-31 14:00:53] $filename
INFO [2024-12-31 14:00:53] NULL
INFO [2024-12-31 14:00:53] 
INFO [2024-12-31 14:00:53] $output
INFO [2024-12-31 14:00:53] [1] TRUE
INFO [2024-12-31 14:00:53] 
INFO [2024-12-31 14:00:53] $main
INFO [2024-12-31 14:00:53] [1] "Upregulated Genes"
INFO [2024-12-31 14:00:53] 
INFO [2024-12-31 14:00:53] $col
INFO [2024-12-31 14:00:53] [1] "black"
INFO [2024-12-31 14:00:53] 
INFO [2024-12-31 14:00:53] $fill
INFO [2024-12-31 14:00:53] c("lightblue", "lightgreen", "lightcoral")
INFO [2024-12-31 14:00:53] 
INFO [2024-12-31 14:00:53] $alpha
INFO [2024-12-31 14:00:53] [1] 0.5
INFO [2024-12-31 14:00:53] 
INFO [2024-12-31 14:00:53] $cex
INFO [2024-12-31 14:00:53] [1] 1.5
INFO [2024-12-31 14:00:53] 
INFO [2024-12-31 14:00:53] $cat.cex
INFO [2024-12-31 14:00:53] [1] 1.5
INFO [2024-12-31 14:00:53] 
INFO [2024-12-31 14:00:53] $cat.pos
INFO [2024-12-31 14:00:53] c(0, 0, 0)
INFO [2024-12-31 14:00:53] 
INFO [2024-12-31 14:00:53] $cat.dist
INFO [2024-12-31 14:00:53] [1] 0.05
INFO [2024-12-31 14:00:53] 
INFO [2024-12-31 14:00:53] $margin
INFO [2024-12-31 14:00:53] [1] 0.1
INFO [2024-12-31 14:00:53] 
