INFO [2024-12-31 14:14:01] $x
INFO [2024-12-31 14:14:01] list(Group1 = up1, Group2 = up2, Group3 = up3)
INFO [2024-12-31 14:14:01] 
INFO [2024-12-31 14:14:01] $category.names
INFO [2024-12-31 14:14:01] c("Group 1", "Group 2", "Group 3")
INFO [2024-12-31 14:14:01] 
INFO [2024-12-31 14:14:01] $filename
INFO [2024-12-31 14:14:01] NULL
INFO [2024-12-31 14:14:01] 
INFO [2024-12-31 14:14:01] $output
INFO [2024-12-31 14:14:01] [1] TRUE
INFO [2024-12-31 14:14:01] 
INFO [2024-12-31 14:14:01] $main
INFO [2024-12-31 14:14:01] [1] "Upregulated Genes"
INFO [2024-12-31 14:14:01] 
INFO [2024-12-31 14:14:01] $col
INFO [2024-12-31 14:14:01] [1] "black"
INFO [2024-12-31 14:14:01] 
INFO [2024-12-31 14:14:01] $fill
INFO [2024-12-31 14:14:01] c("lightblue", "lightgreen", "lightcoral")
INFO [2024-12-31 14:14:01] 
INFO [2024-12-31 14:14:01] $alpha
INFO [2024-12-31 14:14:01] [1] 0.5
INFO [2024-12-31 14:14:01] 
INFO [2024-12-31 14:14:01] $cex
INFO [2024-12-31 14:14:01] [1] 1.5
INFO [2024-12-31 14:14:01] 
INFO [2024-12-31 14:14:01] $cat.cex
INFO [2024-12-31 14:14:01] [1] 1.5
INFO [2024-12-31 14:14:01] 
INFO [2024-12-31 14:14:01] $cat.pos
INFO [2024-12-31 14:14:01] c(0, 0, 0)
INFO [2024-12-31 14:14:01] 
INFO [2024-12-31 14:14:01] $cat.dist
INFO [2024-12-31 14:14:01] [1] 0.05
INFO [2024-12-31 14:14:01] 
INFO [2024-12-31 14:14:01] $margin
INFO [2024-12-31 14:14:01] [1] 0.1
INFO [2024-12-31 14:14:01] 
