INFO [2024-12-31 14:00:55] $x
INFO [2024-12-31 14:00:55] list(Group1 = down1, Group2 = down2, Group3 = down3)
INFO [2024-12-31 14:00:55] 
INFO [2024-12-31 14:00:55] $category.names
INFO [2024-12-31 14:00:55] c("Group 1", "Group 2", "Group 3")
INFO [2024-12-31 14:00:55] 
INFO [2024-12-31 14:00:55] $filename
INFO [2024-12-31 14:00:55] NULL
INFO [2024-12-31 14:00:55] 
INFO [2024-12-31 14:00:55] $output
INFO [2024-12-31 14:00:55] [1] TRUE
INFO [2024-12-31 14:00:55] 
INFO [2024-12-31 14:00:55] $main
INFO [2024-12-31 14:00:55] [1] "Downregulated Genes"
INFO [2024-12-31 14:00:55] 
INFO [2024-12-31 14:00:55] $col
INFO [2024-12-31 14:00:55] [1] "black"
INFO [2024-12-31 14:00:55] 
INFO [2024-12-31 14:00:55] $fill
INFO [2024-12-31 14:00:55] c("lightblue", "lightgreen", "lightcoral")
INFO [2024-12-31 14:00:55] 
INFO [2024-12-31 14:00:55] $alpha
INFO [2024-12-31 14:00:55] [1] 0.5
INFO [2024-12-31 14:00:55] 
INFO [2024-12-31 14:00:55] $cex
INFO [2024-12-31 14:00:55] [1] 1.5
INFO [2024-12-31 14:00:55] 
INFO [2024-12-31 14:00:55] $cat.cex
INFO [2024-12-31 14:00:55] [1] 1.5
INFO [2024-12-31 14:00:55] 
INFO [2024-12-31 14:00:55] $cat.pos
INFO [2024-12-31 14:00:55] c(0, 0, 0)
INFO [2024-12-31 14:00:55] 
INFO [2024-12-31 14:00:55] $cat.dist
INFO [2024-12-31 14:00:55] [1] 0.05
INFO [2024-12-31 14:00:55] 
INFO [2024-12-31 14:00:55] $margin
INFO [2024-12-31 14:00:55] [1] 0.1
INFO [2024-12-31 14:00:55] 
