INFO [2024-12-31 14:01:24] $x
INFO [2024-12-31 14:01:24] list(Group1 = up1, Group2 = up2, Group3 = up3)
INFO [2024-12-31 14:01:24] 
INFO [2024-12-31 14:01:24] $category.names
INFO [2024-12-31 14:01:24] c("Group 1", "Group 2", "Group 3")
INFO [2024-12-31 14:01:24] 
INFO [2024-12-31 14:01:24] $filename
INFO [2024-12-31 14:01:24] NULL
INFO [2024-12-31 14:01:24] 
INFO [2024-12-31 14:01:24] $output
INFO [2024-12-31 14:01:24] [1] TRUE
INFO [2024-12-31 14:01:24] 
INFO [2024-12-31 14:01:24] $main
INFO [2024-12-31 14:01:24] [1] "Upregulated Genes"
INFO [2024-12-31 14:01:24] 
INFO [2024-12-31 14:01:24] $col
INFO [2024-12-31 14:01:24] [1] "black"
INFO [2024-12-31 14:01:24] 
INFO [2024-12-31 14:01:24] $fill
INFO [2024-12-31 14:01:24] c("lightblue", "lightgreen", "lightcoral")
INFO [2024-12-31 14:01:24] 
INFO [2024-12-31 14:01:24] $alpha
INFO [2024-12-31 14:01:24] [1] 0.5
INFO [2024-12-31 14:01:24] 
INFO [2024-12-31 14:01:24] $cex
INFO [2024-12-31 14:01:24] [1] 1.5
INFO [2024-12-31 14:01:24] 
INFO [2024-12-31 14:01:24] $cat.cex
INFO [2024-12-31 14:01:24] [1] 1.5
INFO [2024-12-31 14:01:24] 
INFO [2024-12-31 14:01:24] $cat.pos
INFO [2024-12-31 14:01:24] c(0, 0, 0)
INFO [2024-12-31 14:01:24] 
INFO [2024-12-31 14:01:24] $cat.dist
INFO [2024-12-31 14:01:24] [1] 0.05
INFO [2024-12-31 14:01:24] 
INFO [2024-12-31 14:01:24] $margin
INFO [2024-12-31 14:01:24] [1] 0.1
INFO [2024-12-31 14:01:24] 
