INFO [2024-12-31 13:58:20] $x
INFO [2024-12-31 13:58:20] list(Group1 = up1, Group2 = up2, Group3 = up3)
INFO [2024-12-31 13:58:20] 
INFO [2024-12-31 13:58:20] $category.names
INFO [2024-12-31 13:58:20] c("Group 1", "Group 2", "Group 3")
INFO [2024-12-31 13:58:20] 
INFO [2024-12-31 13:58:20] $filename
INFO [2024-12-31 13:58:20] NULL
INFO [2024-12-31 13:58:20] 
INFO [2024-12-31 13:58:20] $output
INFO [2024-12-31 13:58:20] [1] TRUE
INFO [2024-12-31 13:58:20] 
INFO [2024-12-31 13:58:20] $main
INFO [2024-12-31 13:58:20] [1] "Upregulated Genes"
INFO [2024-12-31 13:58:20] 
INFO [2024-12-31 13:58:20] $col
INFO [2024-12-31 13:58:20] [1] "black"
INFO [2024-12-31 13:58:20] 
INFO [2024-12-31 13:58:20] $fill
INFO [2024-12-31 13:58:20] c("lightblue", "lightgreen", "lightcoral")
INFO [2024-12-31 13:58:20] 
INFO [2024-12-31 13:58:20] $alpha
INFO [2024-12-31 13:58:20] [1] 0.5
INFO [2024-12-31 13:58:20] 
INFO [2024-12-31 13:58:20] $cex
INFO [2024-12-31 13:58:20] [1] 1.5
INFO [2024-12-31 13:58:20] 
INFO [2024-12-31 13:58:20] $cat.cex
INFO [2024-12-31 13:58:20] [1] 1.5
INFO [2024-12-31 13:58:20] 
INFO [2024-12-31 13:58:20] $cat.pos
INFO [2024-12-31 13:58:20] c(0, 0, 180)
INFO [2024-12-31 13:58:20] 
INFO [2024-12-31 13:58:20] $cat.dist
INFO [2024-12-31 13:58:20] [1] 0.05
INFO [2024-12-31 13:58:20] 
INFO [2024-12-31 13:58:20] $margin
INFO [2024-12-31 13:58:20] [1] 0.1
INFO [2024-12-31 13:58:20] 
