INFO [2024-12-31 14:14:51] $x
INFO [2024-12-31 14:14:51] list(Group1 = down1, Group2 = down2, Group3 = down3)
INFO [2024-12-31 14:14:51] 
INFO [2024-12-31 14:14:51] $category.names
INFO [2024-12-31 14:14:51] c("Group 1", "Group 2", "Group 3")
INFO [2024-12-31 14:14:51] 
INFO [2024-12-31 14:14:51] $filename
INFO [2024-12-31 14:14:51] NULL
INFO [2024-12-31 14:14:51] 
INFO [2024-12-31 14:14:51] $output
INFO [2024-12-31 14:14:51] [1] TRUE
INFO [2024-12-31 14:14:51] 
INFO [2024-12-31 14:14:51] $main
INFO [2024-12-31 14:14:51] [1] "Downregulated Genes"
INFO [2024-12-31 14:14:51] 
INFO [2024-12-31 14:14:51] $col
INFO [2024-12-31 14:14:51] [1] "black"
INFO [2024-12-31 14:14:51] 
INFO [2024-12-31 14:14:51] $fill
INFO [2024-12-31 14:14:51] c("lightblue", "lightgreen", "lightcoral")
INFO [2024-12-31 14:14:51] 
INFO [2024-12-31 14:14:51] $alpha
INFO [2024-12-31 14:14:51] [1] 0.5
INFO [2024-12-31 14:14:51] 
INFO [2024-12-31 14:14:51] $cex
INFO [2024-12-31 14:14:51] [1] 1.5
INFO [2024-12-31 14:14:51] 
INFO [2024-12-31 14:14:51] $cat.cex
INFO [2024-12-31 14:14:51] [1] 1.5
INFO [2024-12-31 14:14:51] 
INFO [2024-12-31 14:14:51] $cat.pos
INFO [2024-12-31 14:14:51] c(0, 0, 0)
INFO [2024-12-31 14:14:51] 
INFO [2024-12-31 14:14:51] $cat.dist
INFO [2024-12-31 14:14:51] [1] 0.05
INFO [2024-12-31 14:14:51] 
INFO [2024-12-31 14:14:51] $margin
INFO [2024-12-31 14:14:51] [1] 0.1
INFO [2024-12-31 14:14:51] 
