INFO [2024-12-31 14:00:39] $x
INFO [2024-12-31 14:00:39] list(Group1 = down1, Group2 = down2, Group3 = down3)
INFO [2024-12-31 14:00:39] 
INFO [2024-12-31 14:00:39] $category.names
INFO [2024-12-31 14:00:39] c("Group 1", "Group 2", "Group 3")
INFO [2024-12-31 14:00:39] 
INFO [2024-12-31 14:00:39] $filename
INFO [2024-12-31 14:00:39] NULL
INFO [2024-12-31 14:00:39] 
INFO [2024-12-31 14:00:39] $output
INFO [2024-12-31 14:00:39] [1] TRUE
INFO [2024-12-31 14:00:39] 
INFO [2024-12-31 14:00:39] $main
INFO [2024-12-31 14:00:39] [1] "Downregulated Genes"
INFO [2024-12-31 14:00:39] 
INFO [2024-12-31 14:00:39] $col
INFO [2024-12-31 14:00:39] [1] "black"
INFO [2024-12-31 14:00:39] 
INFO [2024-12-31 14:00:39] $fill
INFO [2024-12-31 14:00:39] c("lightblue", "lightgreen", "lightcoral")
INFO [2024-12-31 14:00:39] 
INFO [2024-12-31 14:00:39] $alpha
INFO [2024-12-31 14:00:39] [1] 0.5
INFO [2024-12-31 14:00:39] 
INFO [2024-12-31 14:00:39] $cex
INFO [2024-12-31 14:00:39] [1] 1.5
INFO [2024-12-31 14:00:39] 
INFO [2024-12-31 14:00:39] $cat.cex
INFO [2024-12-31 14:00:39] [1] 1.5
INFO [2024-12-31 14:00:39] 
INFO [2024-12-31 14:00:39] $cat.pos
INFO [2024-12-31 14:00:39] c(0, 0, 0)
INFO [2024-12-31 14:00:39] 
INFO [2024-12-31 14:00:39] $cat.dist
INFO [2024-12-31 14:00:39] [1] 0.05
INFO [2024-12-31 14:00:39] 
INFO [2024-12-31 14:00:39] $margin
INFO [2024-12-31 14:00:39] [1] 0.1
INFO [2024-12-31 14:00:39] 
