INFO [2024-12-31 14:00:48] $x
INFO [2024-12-31 14:00:48] list(Group1 = up1, Group2 = up2, Group3 = up3)
INFO [2024-12-31 14:00:48] 
INFO [2024-12-31 14:00:48] $category.names
INFO [2024-12-31 14:00:48] c("Group 1", "Group 2", "Group 3")
INFO [2024-12-31 14:00:48] 
INFO [2024-12-31 14:00:48] $filename
INFO [2024-12-31 14:00:48] NULL
INFO [2024-12-31 14:00:48] 
INFO [2024-12-31 14:00:48] $output
INFO [2024-12-31 14:00:48] [1] TRUE
INFO [2024-12-31 14:00:48] 
INFO [2024-12-31 14:00:48] $main
INFO [2024-12-31 14:00:48] [1] "Upregulated Genes"
INFO [2024-12-31 14:00:48] 
INFO [2024-12-31 14:00:48] $col
INFO [2024-12-31 14:00:48] [1] "black"
INFO [2024-12-31 14:00:48] 
INFO [2024-12-31 14:00:48] $fill
INFO [2024-12-31 14:00:48] c("lightblue", "lightgreen", "lightcoral")
INFO [2024-12-31 14:00:48] 
INFO [2024-12-31 14:00:48] $alpha
INFO [2024-12-31 14:00:48] [1] 0.5
INFO [2024-12-31 14:00:48] 
INFO [2024-12-31 14:00:48] $cex
INFO [2024-12-31 14:00:48] [1] 1.5
INFO [2024-12-31 14:00:48] 
INFO [2024-12-31 14:00:48] $cat.cex
INFO [2024-12-31 14:00:48] [1] 1.5
INFO [2024-12-31 14:00:48] 
INFO [2024-12-31 14:00:48] $cat.pos
INFO [2024-12-31 14:00:48] c(0, 0, 0)
INFO [2024-12-31 14:00:48] 
INFO [2024-12-31 14:00:48] $cat.dist
INFO [2024-12-31 14:00:48] [1] 0.05
INFO [2024-12-31 14:00:48] 
INFO [2024-12-31 14:00:48] $margin
INFO [2024-12-31 14:00:48] [1] 0.1
INFO [2024-12-31 14:00:48] 
