INFO [2024-12-31 14:01:12] $x
INFO [2024-12-31 14:01:12] list(Group1 = down1, Group2 = down2, Group3 = down3)
INFO [2024-12-31 14:01:12] 
INFO [2024-12-31 14:01:12] $category.names
INFO [2024-12-31 14:01:12] c("Group 1", "Group 2", "Group 3")
INFO [2024-12-31 14:01:12] 
INFO [2024-12-31 14:01:12] $filename
INFO [2024-12-31 14:01:12] NULL
INFO [2024-12-31 14:01:12] 
INFO [2024-12-31 14:01:12] $output
INFO [2024-12-31 14:01:12] [1] TRUE
INFO [2024-12-31 14:01:12] 
INFO [2024-12-31 14:01:12] $main
INFO [2024-12-31 14:01:12] [1] "Downregulated Genes"
INFO [2024-12-31 14:01:12] 
INFO [2024-12-31 14:01:12] $col
INFO [2024-12-31 14:01:12] [1] "black"
INFO [2024-12-31 14:01:12] 
INFO [2024-12-31 14:01:12] $fill
INFO [2024-12-31 14:01:12] c("lightblue", "lightgreen", "lightcoral")
INFO [2024-12-31 14:01:12] 
INFO [2024-12-31 14:01:12] $alpha
INFO [2024-12-31 14:01:12] [1] 0.5
INFO [2024-12-31 14:01:12] 
INFO [2024-12-31 14:01:12] $cex
INFO [2024-12-31 14:01:12] [1] 1.5
INFO [2024-12-31 14:01:12] 
INFO [2024-12-31 14:01:12] $cat.cex
INFO [2024-12-31 14:01:12] [1] 1.5
INFO [2024-12-31 14:01:12] 
INFO [2024-12-31 14:01:12] $cat.pos
INFO [2024-12-31 14:01:12] c(0, 0, 0)
INFO [2024-12-31 14:01:12] 
INFO [2024-12-31 14:01:12] $cat.dist
INFO [2024-12-31 14:01:12] [1] 0.05
INFO [2024-12-31 14:01:12] 
INFO [2024-12-31 14:01:12] $margin
INFO [2024-12-31 14:01:12] [1] 0.1
INFO [2024-12-31 14:01:12] 
