INFO [2024-12-31 14:58:57] $x
INFO [2024-12-31 14:58:57] list(Group1 = down1, Group2 = down2, Group3 = down3)
INFO [2024-12-31 14:58:57] 
INFO [2024-12-31 14:58:57] $category.names
INFO [2024-12-31 14:58:57] c("Group 1", "Group 2", "Group 3")
INFO [2024-12-31 14:58:57] 
INFO [2024-12-31 14:58:57] $filename
INFO [2024-12-31 14:58:57] NULL
INFO [2024-12-31 14:58:57] 
INFO [2024-12-31 14:58:57] $output
INFO [2024-12-31 14:58:57] [1] TRUE
INFO [2024-12-31 14:58:57] 
INFO [2024-12-31 14:58:57] $main
INFO [2024-12-31 14:58:57] [1] "Downregulated Genes"
INFO [2024-12-31 14:58:57] 
INFO [2024-12-31 14:58:57] $col
INFO [2024-12-31 14:58:57] [1] "black"
INFO [2024-12-31 14:58:57] 
INFO [2024-12-31 14:58:57] $fill
INFO [2024-12-31 14:58:57] c("lightblue", "lightgreen", "lightcoral")
INFO [2024-12-31 14:58:57] 
INFO [2024-12-31 14:58:57] $alpha
INFO [2024-12-31 14:58:57] [1] 0.5
INFO [2024-12-31 14:58:57] 
INFO [2024-12-31 14:58:57] $cex
INFO [2024-12-31 14:58:57] [1] 1.5
INFO [2024-12-31 14:58:57] 
INFO [2024-12-31 14:58:57] $cat.cex
INFO [2024-12-31 14:58:57] [1] 1.5
INFO [2024-12-31 14:58:57] 
INFO [2024-12-31 14:58:57] $cat.pos
INFO [2024-12-31 14:58:57] c(0, 0, 0)
INFO [2024-12-31 14:58:57] 
INFO [2024-12-31 14:58:57] $cat.dist
INFO [2024-12-31 14:58:57] [1] 0.05
INFO [2024-12-31 14:58:57] 
INFO [2024-12-31 14:58:57] $margin
INFO [2024-12-31 14:58:57] [1] 0.1
INFO [2024-12-31 14:58:57] 
