INFO [2024-12-31 13:59:09] $x
INFO [2024-12-31 13:59:09] list(Group1 = down1, Group2 = down2, Group3 = down3)
INFO [2024-12-31 13:59:09] 
INFO [2024-12-31 13:59:09] $category.names
INFO [2024-12-31 13:59:09] c("Group 1", "Group 2", "Group 3")
INFO [2024-12-31 13:59:09] 
INFO [2024-12-31 13:59:09] $filename
INFO [2024-12-31 13:59:09] NULL
INFO [2024-12-31 13:59:09] 
INFO [2024-12-31 13:59:09] $output
INFO [2024-12-31 13:59:09] [1] TRUE
INFO [2024-12-31 13:59:09] 
INFO [2024-12-31 13:59:09] $main
INFO [2024-12-31 13:59:09] [1] "Downregulated Genes"
INFO [2024-12-31 13:59:09] 
INFO [2024-12-31 13:59:09] $col
INFO [2024-12-31 13:59:09] [1] "black"
INFO [2024-12-31 13:59:09] 
INFO [2024-12-31 13:59:09] $fill
INFO [2024-12-31 13:59:09] c("lightblue", "lightgreen", "lightcoral")
INFO [2024-12-31 13:59:09] 
INFO [2024-12-31 13:59:09] $alpha
INFO [2024-12-31 13:59:09] [1] 0.5
INFO [2024-12-31 13:59:09] 
INFO [2024-12-31 13:59:09] $cex
INFO [2024-12-31 13:59:09] [1] 1.5
INFO [2024-12-31 13:59:09] 
INFO [2024-12-31 13:59:09] $cat.cex
INFO [2024-12-31 13:59:09] [1] 1.5
INFO [2024-12-31 13:59:09] 
INFO [2024-12-31 13:59:09] $cat.pos
INFO [2024-12-31 13:59:09] c(0, 0, 180)
INFO [2024-12-31 13:59:09] 
INFO [2024-12-31 13:59:09] $cat.dist
INFO [2024-12-31 13:59:09] [1] 0.05
INFO [2024-12-31 13:59:09] 
INFO [2024-12-31 13:59:09] $margin
INFO [2024-12-31 13:59:09] [1] 0.1
INFO [2024-12-31 13:59:09] 
