INFO [2024-12-31 14:00:43] $x
INFO [2024-12-31 14:00:43] list(Group1 = down1, Group2 = down2, Group3 = down3)
INFO [2024-12-31 14:00:43] 
INFO [2024-12-31 14:00:43] $category.names
INFO [2024-12-31 14:00:43] c("Group 1", "Group 2", "Group 3")
INFO [2024-12-31 14:00:43] 
INFO [2024-12-31 14:00:43] $filename
INFO [2024-12-31 14:00:43] NULL
INFO [2024-12-31 14:00:43] 
INFO [2024-12-31 14:00:43] $output
INFO [2024-12-31 14:00:43] [1] TRUE
INFO [2024-12-31 14:00:43] 
INFO [2024-12-31 14:00:43] $main
INFO [2024-12-31 14:00:43] [1] "Downregulated Genes"
INFO [2024-12-31 14:00:43] 
INFO [2024-12-31 14:00:43] $col
INFO [2024-12-31 14:00:43] [1] "black"
INFO [2024-12-31 14:00:43] 
INFO [2024-12-31 14:00:43] $fill
INFO [2024-12-31 14:00:43] c("lightblue", "lightgreen", "lightcoral")
INFO [2024-12-31 14:00:43] 
INFO [2024-12-31 14:00:43] $alpha
INFO [2024-12-31 14:00:43] [1] 0.5
INFO [2024-12-31 14:00:43] 
INFO [2024-12-31 14:00:43] $cex
INFO [2024-12-31 14:00:43] [1] 1.5
INFO [2024-12-31 14:00:43] 
INFO [2024-12-31 14:00:43] $cat.cex
INFO [2024-12-31 14:00:43] [1] 1.5
INFO [2024-12-31 14:00:43] 
INFO [2024-12-31 14:00:43] $cat.pos
INFO [2024-12-31 14:00:43] c(0, 0, 0)
INFO [2024-12-31 14:00:43] 
INFO [2024-12-31 14:00:43] $cat.dist
INFO [2024-12-31 14:00:43] [1] 0.05
INFO [2024-12-31 14:00:43] 
INFO [2024-12-31 14:00:43] $margin
INFO [2024-12-31 14:00:43] [1] 0.1
INFO [2024-12-31 14:00:43] 
