INFO [2024-12-31 13:59:15] $x
INFO [2024-12-31 13:59:15] list(Group1 = up1, Group2 = up2, Group3 = up3)
INFO [2024-12-31 13:59:15] 
INFO [2024-12-31 13:59:15] $category.names
INFO [2024-12-31 13:59:15] c("Group 1", "Group 2", "Group 3")
INFO [2024-12-31 13:59:15] 
INFO [2024-12-31 13:59:15] $filename
INFO [2024-12-31 13:59:15] NULL
INFO [2024-12-31 13:59:15] 
INFO [2024-12-31 13:59:15] $output
INFO [2024-12-31 13:59:15] [1] TRUE
INFO [2024-12-31 13:59:15] 
INFO [2024-12-31 13:59:15] $main
INFO [2024-12-31 13:59:15] [1] "Upregulated Genes"
INFO [2024-12-31 13:59:15] 
INFO [2024-12-31 13:59:15] $col
INFO [2024-12-31 13:59:15] [1] "black"
INFO [2024-12-31 13:59:15] 
INFO [2024-12-31 13:59:15] $fill
INFO [2024-12-31 13:59:15] c("lightblue", "lightgreen", "lightcoral")
INFO [2024-12-31 13:59:15] 
INFO [2024-12-31 13:59:15] $alpha
INFO [2024-12-31 13:59:15] [1] 0.5
INFO [2024-12-31 13:59:15] 
INFO [2024-12-31 13:59:15] $cex
INFO [2024-12-31 13:59:15] [1] 1.5
INFO [2024-12-31 13:59:15] 
INFO [2024-12-31 13:59:15] $cat.cex
INFO [2024-12-31 13:59:15] [1] 1.5
INFO [2024-12-31 13:59:15] 
INFO [2024-12-31 13:59:15] $cat.pos
INFO [2024-12-31 13:59:15] c(0, 0, 180)
INFO [2024-12-31 13:59:15] 
INFO [2024-12-31 13:59:15] $cat.dist
INFO [2024-12-31 13:59:15] [1] 0.05
INFO [2024-12-31 13:59:15] 
INFO [2024-12-31 13:59:15] $margin
INFO [2024-12-31 13:59:15] [1] 0.1
INFO [2024-12-31 13:59:15] 
