INFO [2024-12-31 13:59:11] $x
INFO [2024-12-31 13:59:11] list(Group1 = down1, Group2 = down2, Group3 = down3)
INFO [2024-12-31 13:59:11] 
INFO [2024-12-31 13:59:11] $category.names
INFO [2024-12-31 13:59:11] c("Group 1", "Group 2", "Group 3")
INFO [2024-12-31 13:59:11] 
INFO [2024-12-31 13:59:11] $filename
INFO [2024-12-31 13:59:11] NULL
INFO [2024-12-31 13:59:11] 
INFO [2024-12-31 13:59:11] $output
INFO [2024-12-31 13:59:11] [1] TRUE
INFO [2024-12-31 13:59:11] 
INFO [2024-12-31 13:59:11] $main
INFO [2024-12-31 13:59:11] [1] "Downregulated Genes"
INFO [2024-12-31 13:59:11] 
INFO [2024-12-31 13:59:11] $col
INFO [2024-12-31 13:59:11] [1] "black"
INFO [2024-12-31 13:59:11] 
INFO [2024-12-31 13:59:11] $fill
INFO [2024-12-31 13:59:11] c("lightblue", "lightgreen", "lightcoral")
INFO [2024-12-31 13:59:11] 
INFO [2024-12-31 13:59:11] $alpha
INFO [2024-12-31 13:59:11] [1] 0.5
INFO [2024-12-31 13:59:11] 
INFO [2024-12-31 13:59:11] $cex
INFO [2024-12-31 13:59:11] [1] 1.5
INFO [2024-12-31 13:59:11] 
INFO [2024-12-31 13:59:11] $cat.cex
INFO [2024-12-31 13:59:11] [1] 1.5
INFO [2024-12-31 13:59:11] 
INFO [2024-12-31 13:59:11] $cat.pos
INFO [2024-12-31 13:59:11] c(0, 0, 180)
INFO [2024-12-31 13:59:11] 
INFO [2024-12-31 13:59:11] $cat.dist
INFO [2024-12-31 13:59:11] [1] 0.05
INFO [2024-12-31 13:59:11] 
INFO [2024-12-31 13:59:11] $margin
INFO [2024-12-31 13:59:11] [1] 0.1
INFO [2024-12-31 13:59:11] 
