INFO [2024-12-31 13:26:54] $x
INFO [2024-12-31 13:26:54] list(Group1 = down1, Group2 = down2, Group3 = down3)
INFO [2024-12-31 13:26:54] 
INFO [2024-12-31 13:26:54] $category.names
INFO [2024-12-31 13:26:54] group_titles
INFO [2024-12-31 13:26:54] 
INFO [2024-12-31 13:26:54] $filename
INFO [2024-12-31 13:26:54] NULL
INFO [2024-12-31 13:26:54] 
INFO [2024-12-31 13:26:54] $output
INFO [2024-12-31 13:26:54] [1] TRUE
INFO [2024-12-31 13:26:54] 
INFO [2024-12-31 13:26:54] $main
INFO [2024-12-31 13:26:54] paste("Overlapping Genes for", unique(cell_type))
INFO [2024-12-31 13:26:54] 
INFO [2024-12-31 13:26:54] $col
INFO [2024-12-31 13:26:54] [1] "black"
INFO [2024-12-31 13:26:54] 
INFO [2024-12-31 13:26:54] $fill
INFO [2024-12-31 13:26:54] c("lightblue", "lightgreen", "lightcoral")
INFO [2024-12-31 13:26:54] 
INFO [2024-12-31 13:26:54] $alpha
INFO [2024-12-31 13:26:54] [1] 0.5
INFO [2024-12-31 13:26:54] 
INFO [2024-12-31 13:26:54] $cex
INFO [2024-12-31 13:26:54] [1] 1.5
INFO [2024-12-31 13:26:54] 
INFO [2024-12-31 13:26:54] $cat.cex
INFO [2024-12-31 13:26:54] [1] 1.5
INFO [2024-12-31 13:26:54] 
INFO [2024-12-31 13:26:54] $cat.pos
INFO [2024-12-31 13:26:54] c(0, 0, 0)
INFO [2024-12-31 13:26:54] 
INFO [2024-12-31 13:26:54] $cat.dist
INFO [2024-12-31 13:26:54] [1] 0.05
INFO [2024-12-31 13:26:54] 
INFO [2024-12-31 13:26:54] $margin
INFO [2024-12-31 13:26:54] [1] 0.1
INFO [2024-12-31 13:26:54] 
