INFO [2024-12-31 14:00:56] $x
INFO [2024-12-31 14:00:56] list(Group1 = down1, Group2 = down2, Group3 = down3)
INFO [2024-12-31 14:00:56] 
INFO [2024-12-31 14:00:56] $category.names
INFO [2024-12-31 14:00:56] c("Group 1", "Group 2", "Group 3")
INFO [2024-12-31 14:00:56] 
INFO [2024-12-31 14:00:56] $filename
INFO [2024-12-31 14:00:56] NULL
INFO [2024-12-31 14:00:56] 
INFO [2024-12-31 14:00:56] $output
INFO [2024-12-31 14:00:56] [1] TRUE
INFO [2024-12-31 14:00:56] 
INFO [2024-12-31 14:00:56] $main
INFO [2024-12-31 14:00:56] [1] "Downregulated Genes"
INFO [2024-12-31 14:00:56] 
INFO [2024-12-31 14:00:56] $col
INFO [2024-12-31 14:00:56] [1] "black"
INFO [2024-12-31 14:00:56] 
INFO [2024-12-31 14:00:56] $fill
INFO [2024-12-31 14:00:56] c("lightblue", "lightgreen", "lightcoral")
INFO [2024-12-31 14:00:56] 
INFO [2024-12-31 14:00:56] $alpha
INFO [2024-12-31 14:00:56] [1] 0.5
INFO [2024-12-31 14:00:56] 
INFO [2024-12-31 14:00:56] $cex
INFO [2024-12-31 14:00:56] [1] 1.5
INFO [2024-12-31 14:00:56] 
INFO [2024-12-31 14:00:56] $cat.cex
INFO [2024-12-31 14:00:56] [1] 1.5
INFO [2024-12-31 14:00:56] 
INFO [2024-12-31 14:00:56] $cat.pos
INFO [2024-12-31 14:00:56] c(0, 0, 0)
INFO [2024-12-31 14:00:56] 
INFO [2024-12-31 14:00:56] $cat.dist
INFO [2024-12-31 14:00:56] [1] 0.05
INFO [2024-12-31 14:00:56] 
INFO [2024-12-31 14:00:56] $margin
INFO [2024-12-31 14:00:56] [1] 0.1
INFO [2024-12-31 14:00:56] 
