INFO [2024-12-31 13:43:45] $x
INFO [2024-12-31 13:43:45] list(Group1 = up1, Group2 = up2, Group3 = up3)
INFO [2024-12-31 13:43:45] 
INFO [2024-12-31 13:43:45] $category.names
INFO [2024-12-31 13:43:45] c("Group 1", "Group 2", "Group 3")
INFO [2024-12-31 13:43:45] 
INFO [2024-12-31 13:43:45] $filename
INFO [2024-12-31 13:43:45] NULL
INFO [2024-12-31 13:43:45] 
INFO [2024-12-31 13:43:45] $output
INFO [2024-12-31 13:43:45] [1] TRUE
INFO [2024-12-31 13:43:45] 
INFO [2024-12-31 13:43:45] $main
INFO [2024-12-31 13:43:45] [1] "Venn Diagram of Upregulated Genes"
INFO [2024-12-31 13:43:45] 
INFO [2024-12-31 13:43:45] $col
INFO [2024-12-31 13:43:45] [1] "black"
INFO [2024-12-31 13:43:45] 
INFO [2024-12-31 13:43:45] $fill
INFO [2024-12-31 13:43:45] c("lightblue", "lightgreen", "lightcoral")
INFO [2024-12-31 13:43:45] 
INFO [2024-12-31 13:43:45] $alpha
INFO [2024-12-31 13:43:45] [1] 0.5
INFO [2024-12-31 13:43:45] 
INFO [2024-12-31 13:43:45] $cex
INFO [2024-12-31 13:43:45] [1] 1.5
INFO [2024-12-31 13:43:45] 
INFO [2024-12-31 13:43:45] $cat.cex
INFO [2024-12-31 13:43:45] [1] 1.5
INFO [2024-12-31 13:43:45] 
INFO [2024-12-31 13:43:45] $cat.pos
INFO [2024-12-31 13:43:45] c(0, 0, 180)
INFO [2024-12-31 13:43:45] 
INFO [2024-12-31 13:43:45] $cat.dist
INFO [2024-12-31 13:43:45] [1] 0.05
INFO [2024-12-31 13:43:45] 
INFO [2024-12-31 13:43:45] $margin
INFO [2024-12-31 13:43:45] [1] 0.1
INFO [2024-12-31 13:43:45] 
