INFO [2024-12-31 13:59:24] $x
INFO [2024-12-31 13:59:24] list(Group1 = down1, Group2 = down2, Group3 = down3)
INFO [2024-12-31 13:59:24] 
INFO [2024-12-31 13:59:24] $category.names
INFO [2024-12-31 13:59:24] c("Group 1", "Group 2", "Group 3")
INFO [2024-12-31 13:59:24] 
INFO [2024-12-31 13:59:24] $filename
INFO [2024-12-31 13:59:24] NULL
INFO [2024-12-31 13:59:24] 
INFO [2024-12-31 13:59:24] $output
INFO [2024-12-31 13:59:24] [1] TRUE
INFO [2024-12-31 13:59:24] 
INFO [2024-12-31 13:59:24] $main
INFO [2024-12-31 13:59:24] [1] "Downregulated Genes"
INFO [2024-12-31 13:59:24] 
INFO [2024-12-31 13:59:24] $col
INFO [2024-12-31 13:59:24] [1] "black"
INFO [2024-12-31 13:59:24] 
INFO [2024-12-31 13:59:24] $fill
INFO [2024-12-31 13:59:24] c("lightblue", "lightgreen", "lightcoral")
INFO [2024-12-31 13:59:24] 
INFO [2024-12-31 13:59:24] $alpha
INFO [2024-12-31 13:59:24] [1] 0.5
INFO [2024-12-31 13:59:24] 
INFO [2024-12-31 13:59:24] $cex
INFO [2024-12-31 13:59:24] [1] 1.5
INFO [2024-12-31 13:59:24] 
INFO [2024-12-31 13:59:24] $cat.cex
INFO [2024-12-31 13:59:24] [1] 1.5
INFO [2024-12-31 13:59:24] 
INFO [2024-12-31 13:59:24] $cat.pos
INFO [2024-12-31 13:59:24] c(0, 0, 180)
INFO [2024-12-31 13:59:24] 
INFO [2024-12-31 13:59:24] $cat.dist
INFO [2024-12-31 13:59:24] [1] 0.05
INFO [2024-12-31 13:59:24] 
INFO [2024-12-31 13:59:24] $margin
INFO [2024-12-31 13:59:24] [1] 0.1
INFO [2024-12-31 13:59:24] 
