INFO [2024-12-31 14:01:27] $x
INFO [2024-12-31 14:01:27] list(Group1 = down1, Group2 = down2, Group3 = down3)
INFO [2024-12-31 14:01:27] 
INFO [2024-12-31 14:01:27] $category.names
INFO [2024-12-31 14:01:27] c("Group 1", "Group 2", "Group 3")
INFO [2024-12-31 14:01:27] 
INFO [2024-12-31 14:01:27] $filename
INFO [2024-12-31 14:01:27] NULL
INFO [2024-12-31 14:01:27] 
INFO [2024-12-31 14:01:27] $output
INFO [2024-12-31 14:01:27] [1] TRUE
INFO [2024-12-31 14:01:27] 
INFO [2024-12-31 14:01:27] $main
INFO [2024-12-31 14:01:27] [1] "Downregulated Genes"
INFO [2024-12-31 14:01:27] 
INFO [2024-12-31 14:01:27] $col
INFO [2024-12-31 14:01:27] [1] "black"
INFO [2024-12-31 14:01:27] 
INFO [2024-12-31 14:01:27] $fill
INFO [2024-12-31 14:01:27] c("lightblue", "lightgreen", "lightcoral")
INFO [2024-12-31 14:01:27] 
INFO [2024-12-31 14:01:27] $alpha
INFO [2024-12-31 14:01:27] [1] 0.5
INFO [2024-12-31 14:01:27] 
INFO [2024-12-31 14:01:27] $cex
INFO [2024-12-31 14:01:27] [1] 1.5
INFO [2024-12-31 14:01:27] 
INFO [2024-12-31 14:01:27] $cat.cex
INFO [2024-12-31 14:01:27] [1] 1.5
INFO [2024-12-31 14:01:27] 
INFO [2024-12-31 14:01:27] $cat.pos
INFO [2024-12-31 14:01:27] c(0, 0, 0)
INFO [2024-12-31 14:01:27] 
INFO [2024-12-31 14:01:27] $cat.dist
INFO [2024-12-31 14:01:27] [1] 0.05
INFO [2024-12-31 14:01:27] 
INFO [2024-12-31 14:01:27] $margin
INFO [2024-12-31 14:01:27] [1] 0.1
INFO [2024-12-31 14:01:27] 
