INFO [2024-12-31 14:01:30] $x
INFO [2024-12-31 14:01:30] list(Group1 = down1, Group2 = down2, Group3 = down3)
INFO [2024-12-31 14:01:30] 
INFO [2024-12-31 14:01:30] $category.names
INFO [2024-12-31 14:01:30] c("Group 1", "Group 2", "Group 3")
INFO [2024-12-31 14:01:30] 
INFO [2024-12-31 14:01:30] $filename
INFO [2024-12-31 14:01:30] NULL
INFO [2024-12-31 14:01:30] 
INFO [2024-12-31 14:01:30] $output
INFO [2024-12-31 14:01:30] [1] TRUE
INFO [2024-12-31 14:01:30] 
INFO [2024-12-31 14:01:30] $main
INFO [2024-12-31 14:01:30] [1] "Downregulated Genes"
INFO [2024-12-31 14:01:30] 
INFO [2024-12-31 14:01:30] $col
INFO [2024-12-31 14:01:30] [1] "black"
INFO [2024-12-31 14:01:30] 
INFO [2024-12-31 14:01:30] $fill
INFO [2024-12-31 14:01:30] c("lightblue", "lightgreen", "lightcoral")
INFO [2024-12-31 14:01:30] 
INFO [2024-12-31 14:01:30] $alpha
INFO [2024-12-31 14:01:30] [1] 0.5
INFO [2024-12-31 14:01:30] 
INFO [2024-12-31 14:01:30] $cex
INFO [2024-12-31 14:01:30] [1] 1.5
INFO [2024-12-31 14:01:30] 
INFO [2024-12-31 14:01:30] $cat.cex
INFO [2024-12-31 14:01:30] [1] 1.5
INFO [2024-12-31 14:01:30] 
INFO [2024-12-31 14:01:30] $cat.pos
INFO [2024-12-31 14:01:30] c(0, 0, 0)
INFO [2024-12-31 14:01:30] 
INFO [2024-12-31 14:01:30] $cat.dist
INFO [2024-12-31 14:01:30] [1] 0.05
INFO [2024-12-31 14:01:30] 
INFO [2024-12-31 14:01:30] $margin
INFO [2024-12-31 14:01:30] [1] 0.1
INFO [2024-12-31 14:01:30] 
