INFO [2024-12-31 13:58:29] $x
INFO [2024-12-31 13:58:29] list(Group1 = down1, Group2 = down2, Group3 = down3)
INFO [2024-12-31 13:58:29] 
INFO [2024-12-31 13:58:29] $category.names
INFO [2024-12-31 13:58:29] c("Group 1", "Group 2", "Group 3")
INFO [2024-12-31 13:58:29] 
INFO [2024-12-31 13:58:29] $filename
INFO [2024-12-31 13:58:29] NULL
INFO [2024-12-31 13:58:29] 
INFO [2024-12-31 13:58:29] $output
INFO [2024-12-31 13:58:29] [1] TRUE
INFO [2024-12-31 13:58:29] 
INFO [2024-12-31 13:58:29] $main
INFO [2024-12-31 13:58:29] [1] "Downregulated Genes"
INFO [2024-12-31 13:58:29] 
INFO [2024-12-31 13:58:29] $col
INFO [2024-12-31 13:58:29] [1] "black"
INFO [2024-12-31 13:58:29] 
INFO [2024-12-31 13:58:29] $fill
INFO [2024-12-31 13:58:29] c("lightblue", "lightgreen", "lightcoral")
INFO [2024-12-31 13:58:29] 
INFO [2024-12-31 13:58:29] $alpha
INFO [2024-12-31 13:58:29] [1] 0.5
INFO [2024-12-31 13:58:29] 
INFO [2024-12-31 13:58:29] $cex
INFO [2024-12-31 13:58:29] [1] 1.5
INFO [2024-12-31 13:58:29] 
INFO [2024-12-31 13:58:29] $cat.cex
INFO [2024-12-31 13:58:29] [1] 1.5
INFO [2024-12-31 13:58:29] 
INFO [2024-12-31 13:58:29] $cat.pos
INFO [2024-12-31 13:58:29] c(0, 0, 180)
INFO [2024-12-31 13:58:29] 
INFO [2024-12-31 13:58:29] $cat.dist
INFO [2024-12-31 13:58:29] [1] 0.05
INFO [2024-12-31 13:58:29] 
INFO [2024-12-31 13:58:29] $margin
INFO [2024-12-31 13:58:29] [1] 0.1
INFO [2024-12-31 13:58:29] 
